Arguments: 
  C:\Program Files\nodejs\node.exe C:\Users\sayan\AppData\Roaming\npm\node_modules\yarn\bin\yarn.js

PATH: 
  C:\Program Files\Common Files\Oracle\Java\javapath;C:\Program Files (x86)\Common Files\Oracle\Java\javapath;C:\Windows\system32;C:\Windows;C:\Windows\System32\Wbem;C:\Windows\System32\WindowsPowerShell\v1.0\;C:\Windows\System32\OpenSSH\;C:\Program Files (x86)\NVIDIA Corporation\PhysX\Common;C:\Program Files\NVIDIA Corporation\NVIDIA NvDLISR;C:\WINDOWS\system32;C:\WINDOWS;C:\WINDOWS\System32\Wbem;C:\WINDOWS\System32\WindowsPowerShell\v1.0\;C:\WINDOWS\System32\OpenSSH\;C:\MinGW\bin;C:\ProgramData\chocolatey\bin;C:\Program Files\MongoDB\Server\5.0\bin;C:\Program Files\Git\cmd;C:\Users\sayan\AppData\Roaming\nvm;C:\Program Files\nodejs;C:\Program Files\Docker\Docker\resources\bin;C:\Program Files\Java\jdk-18;C:\Users\sayan\.console-ninja\.bin;C:\Program Files\MySQL\MySQL Shell 8.0\bin\;C:\Users\sayan\AppData\Local\Programs\Python\Python310\Scripts\;C:\Users\sayan\AppData\Local\Programs\Python\Python310\;C:\Users\sayan\AppData\Local\Microsoft\WindowsApps;C:\Users\sayan\AppData\Local\Programs\Microsoft VS Code\bin;C:\Users\sayan\Downloads\flutter_windows_2.10.4-stable\flutter\bin;C:\Users\sayan\.gradle\gradle-7.4.1\bin;C:\Users\sayan\AppData\Roaming\npm;C:\Users\sayan\AppData\Local\Programs\Hyper\resources\bin;C:\Users\sayan\AppData\Local\GitHubDesktop\bin;C:\Program Files\MySQL\MySQL Server 8.0\bin;C:\Users\sayan\Downloads\stripe_1.17.2_windows_x86_64;C:\Users\sayan\AppData\Roaming\nvm;C:\Program Files\nodejs;C:\flutter\bin;;%USERPROFILE%\AppData\Local\Microsoft\WindowsApps

Yarn version: 
  1.22.19

Node version: 
  20.9.0

Platform: 
  win32 x64

Trace: 
  SyntaxError: C:\Users\sayan\Downloads\frame1321314772-dualite\package.json: Expected property name or '}' in JSON at position 10
      at JSON.parse (<anonymous>)
      at C:\Users\sayan\AppData\Roaming\npm\node_modules\yarn\lib\cli.js:1629:59
      at Generator.next (<anonymous>)
      at step (C:\Users\sayan\AppData\Roaming\npm\node_modules\yarn\lib\cli.js:310:30)
      at C:\Users\sayan\AppData\Roaming\npm\node_modules\yarn\lib\cli.js:321:13

npm manifest: 
  {
          name: frame1321314772-dualite-generated-code,
          "version": "0.0.1",
          "private": true,
          "scripts": {
            "android": "react-native run-android",
            "ios": "react-native run-ios",
            "lint": "eslint . && stylelint 'src/**/*.@(css)'",
            "postinstall": "patch-package",
            "start": "react-native start",
            "test": "jest",
            "web": "webpack serve --mode development"
          },
          "dependencies": {
            "react": "18.2.0",
            "react-dom": "^18.2.0",
            "react-fontawesome": "^1.6.1",
            "react-native": "0.73.4",
            "react-native-fontawesome": "^5.7.0",
            "react-native-web": "^0.19.10",
            "node": "20.11.0"
          },
          "devDependencies": {
            "@babel/core": "^7.20.0",
            "@babel/preset-env": "^7.20.0",
            "@babel/runtime": "^7.20.0",
            "@react-native/babel-preset": "0.73.21",
            "@react-native/eslint-config": "0.73.2",
            "@react-native/metro-config": "0.73.5",
            "@types/react": "^18.2.6",
            "@types/react-test-renderer": "^18.0.0",
            "autoprefixer": "^10.4.17",
            "babel-jest": "^29.6.3",
            "babel-loader": "^9.1.3",
            "babel-plugin-react-native-classname-to-style": "^1.2.2",
            "babel-plugin-react-native-platform-specific-extensions": "^1.1.1",
            "babel-preset-react": "7.0.0-beta.3",
            "css-loader": "^6.10.0",
            "eslint": "^8.19.0",
            "eslint-plugin-css-modules": "^2.12.0",
            "file-loader": "^6.2.0",
            "html-webpack-plugin": "^5.6.0",
            "jest": "^29.6.3",
            "mini-css-extract-plugin": "^2.8.0",
            "patch-package": "^8.0.0",
            "postcss": "^8.4.35",
            "postcss-css-variables": "^0.19.0",
            "postcss-loader": "^8.1.0",
            "prettier": "3.2.5",
            "react-hot-loader": "^4.13.1",
            "react-native-postcss-transformer": "^1.4.0",
            "react-test-renderer": "18.2.0",
            "style-loader": "^3.3.4",
            "stylelint": "^16.2.1",
            "stylelint-config-react-native-css-modules": "^3.2.0",
            "stylelint-react-native": "^2.7.0",
            "webpack": "^5.90.3",
            "webpack-cli": "^5.1.4",
            "webpack-dev-server": "^5.0.2",
            "node": "20.11.0"
          },
          "browserslist": [
            "> 1%",
            "last 2 versions",
            "IE 11",
            "Android >= 4.4",
            "iOS >= 8"
          ],
          "postcss": {
            "plugins": {
              "postcss-css-variables": {}
            }
          },
          "eslintConfig": {
            "parserOptions": {
              "sourceType": "module",
              "ecmaVersion": 2017,
              "ecmaFeatures": {
                "jsx": true
              }
            },
            "plugins": [
              "css-modules"
            ],
            "extends": [
              "@react-native-community",
              "plugin:css-modules/recommended"
            ]
          },
          "stylelint": {
            "extends": "stylelint-config-react-native-css-modules",
            "rules": {
              "selector-class-pattern": "^[a-z][a-zA-Z0-9]*$",
              "declaration-block-no-duplicate-properties": true,
              "no-duplicate-selectors": true,
              "no-extra-semicolons": true,
              "no-eol-whitespace": true,
              "no-missing-end-of-source-newline": true
            }
          }
        }

yarn manifest: 
  No manifest

Lockfile: 
  No lockfile
